  main.cpp
main.cpp(22): warning C4244: 'initializing': conversion from 'double' to 'float', possible loss of data
main.cpp(59): warning C4244: 'argument': conversion from 'int' to 'float', possible loss of data
main.cpp(72): warning C4244: 'argument': conversion from 'int' to 'float', possible loss of data
main.cpp(77): warning C4244: 'argument': conversion from 'int' to 'float', possible loss of data
main.cpp(79): warning C4244: 'argument': conversion from 'int' to 'float', possible loss of data
main.cpp(88): warning C4244: 'argument': conversion from 'int' to 'float', possible loss of data
main.cpp(99): warning C4244: 'argument': conversion from 'int' to 'float', possible loss of data
main.cpp(102): warning C4244: 'argument': conversion from 'double' to 'const unsigned __int64', possible loss of data
main.cpp(113): warning C4244: 'argument': conversion from 'int' to 'float', possible loss of data
main.cpp(118): warning C4244: 'argument': conversion from 'double' to 'const unsigned __int64', possible loss of data
main.cpp(118): warning C4244: 'argument': conversion from 'int' to 'float', possible loss of data
main.cpp(120): warning C4244: 'argument': conversion from 'double' to 'const unsigned __int64', possible loss of data
main.cpp(123): warning C4244: 'argument': conversion from 'double' to 'const unsigned __int64', possible loss of data
main.cpp(125): warning C4244: 'argument': conversion from 'double' to 'const unsigned __int64', possible loss of data
main.cpp(125): warning C4244: 'argument': conversion from 'int' to 'float', possible loss of data
main.cpp(150): warning C4244: 'initializing': conversion from 'int' to 'float', possible loss of data
main.cpp(155): warning C4244: 'initializing': conversion from 'int' to 'float', possible loss of data
main.cpp(162): warning C4244: 'initializing': conversion from 'int' to 'float', possible loss of data
main.cpp(163): warning C4244: 'argument': conversion from 'int' to 'float', possible loss of data
main.cpp(167): warning C4244: 'initializing': conversion from 'int' to 'float', possible loss of data
main.cpp(169): warning C4244: 'argument': conversion from 'int' to 'float', possible loss of data
main.cpp(234): warning C4244: 'initializing': conversion from 'int' to 'float', possible loss of data
main.cpp(235): warning C4244: 'initializing': conversion from 'int' to 'float', possible loss of data
main.cpp(253): warning C4244: 'argument': conversion from 'int' to 'float', possible loss of data
main.cpp(315): warning C4244: 'initializing': conversion from 'int' to 'float', possible loss of data
main.cpp(319): warning C4244: 'initializing': conversion from 'int' to 'float', possible loss of data
main.cpp(325): warning C4244: 'initializing': conversion from 'int' to 'float', possible loss of data
main.cpp(326): warning C4244: 'argument': conversion from 'int' to 'float', possible loss of data
main.cpp(329): warning C4244: 'initializing': conversion from 'int' to 'float', possible loss of data
main.cpp(331): warning C4244: 'argument': conversion from 'int' to 'float', possible loss of data
main.cpp(371): warning C4244: 'argument': conversion from 'int' to 'float', possible loss of data
main.cpp(373): warning C4244: 'argument': conversion from 'double' to 'const unsigned __int64', possible loss of data
sfml-window-s.lib(InputImpl.cpp.obj) : error LNK2001: unresolved external symbol __imp_GetAsyncKeyState
sfml-window-s.lib(WindowImplWin32.cpp.obj) : error LNK2001: unresolved external symbol __imp_GetAsyncKeyState
sfml-window-s.lib(InputImpl.cpp.obj) : error LNK2001: unresolved external symbol __imp_GetSystemMetrics
sfml-window-s.lib(InputImpl.cpp.obj) : error LNK2001: unresolved external symbol __imp_SetCursorPos
sfml-window-s.lib(InputImpl.cpp.obj) : error LNK2001: unresolved external symbol __imp_GetCursorPos
sfml-window-s.lib(InputImpl.cpp.obj) : error LNK2001: unresolved external symbol __imp_ClientToScreen
sfml-window-s.lib(InputImpl.cpp.obj) : error LNK2001: unresolved external symbol __imp_ScreenToClient
sfml-window-s.lib(WindowImplWin32.cpp.obj) : error LNK2001: unresolved external symbol __imp_ScreenToClient
sfml-window-s.lib(VideoModeImpl.cpp.obj) : error LNK2001: unresolved external symbol __imp_EnumDisplaySettingsW
sfml-window-s.lib(WglContext.cpp.obj) : error LNK2001: unresolved external symbol __imp_ChoosePixelFormat
sfml-window-s.lib(WglContext.cpp.obj) : error LNK2001: unresolved external symbol __imp_DescribePixelFormat
sfml-window-s.lib(WglContext.cpp.obj) : error LNK2001: unresolved external symbol __imp_GetPixelFormat
sfml-window-s.lib(WglContext.cpp.obj) : error LNK2001: unresolved external symbol __imp_SetPixelFormat
sfml-window-s.lib(WglContext.cpp.obj) : error LNK2001: unresolved external symbol __imp_SwapBuffers
sfml-window-s.lib(WglContext.cpp.obj) : error LNK2001: unresolved external symbol __imp_CreateWindowExA
sfml-window-s.lib(WglContext.cpp.obj) : error LNK2001: unresolved external symbol __imp_DestroyWindow
sfml-window-s.lib(WindowImplWin32.cpp.obj) : error LNK2001: unresolved external symbol __imp_DestroyWindow
sfml-window-s.lib(WglContext.cpp.obj) : error LNK2001: unresolved external symbol __imp_ShowWindow
sfml-window-s.lib(WindowImplWin32.cpp.obj) : error LNK2001: unresolved external symbol __imp_ShowWindow
sfml-window-s.lib(WglContext.cpp.obj) : error LNK2001: unresolved external symbol __imp_GetDC
sfml-window-s.lib(WindowImplWin32.cpp.obj) : error LNK2001: unresolved external symbol __imp_GetDC
sfml-window-s.lib(WglContext.cpp.obj) : error LNK2001: unresolved external symbol __imp_ReleaseDC
sfml-window-s.lib(WindowImplWin32.cpp.obj) : error LNK2001: unresolved external symbol __imp_ReleaseDC
sfml-window-s.lib(WindowImplWin32.cpp.obj) : error LNK2001: unresolved external symbol __imp_GetDeviceCaps
sfml-window-s.lib(WindowImplWin32.cpp.obj) : error LNK2001: unresolved external symbol __imp_TrackMouseEvent
sfml-window-s.lib(WindowImplWin32.cpp.obj) : error LNK2001: unresolved external symbol __imp_TranslateMessage
sfml-window-s.lib(WindowImplWin32.cpp.obj) : error LNK2001: unresolved external symbol __imp_DispatchMessageW
sfml-window-s.lib(WindowImplWin32.cpp.obj) : error LNK2001: unresolved external symbol __imp_PeekMessageW
sfml-window-s.lib(WindowImplWin32.cpp.obj) : error LNK2001: unresolved external symbol __imp_SendMessageW
sfml-window-s.lib(WindowImplWin32.cpp.obj) : error LNK2001: unresolved external symbol __imp_DefWindowProcW
sfml-window-s.lib(WindowImplWin32.cpp.obj) : error LNK2001: unresolved external symbol __imp_CallWindowProcW
sfml-window-s.lib(WindowImplWin32.cpp.obj) : error LNK2001: unresolved external symbol __imp_RegisterClassW
sfml-window-s.lib(WindowImplWin32.cpp.obj) : error LNK2001: unresolved external symbol __imp_UnregisterClassW
sfml-window-s.lib(WindowImplWin32.cpp.obj) : error LNK2001: unresolved external symbol __imp_CreateWindowExW
sfml-window-s.lib(WindowImplWin32.cpp.obj) : error LNK2001: unresolved external symbol __imp_FlashWindowEx
sfml-window-s.lib(WindowImplWin32.cpp.obj) : error LNK2001: unresolved external symbol __imp_SetWindowPos
sfml-window-s.lib(WindowImplWin32.cpp.obj) : error LNK2001: unresolved external symbol __imp_MapVirtualKeyW
sfml-window-s.lib(WindowImplWin32.cpp.obj) : error LNK2001: unresolved external symbol __imp_GetCapture
sfml-window-s.lib(WindowImplWin32.cpp.obj) : error LNK2001: unresolved external symbol __imp_SetCapture
sfml-window-s.lib(WindowImplWin32.cpp.obj) : error LNK2001: unresolved external symbol __imp_ReleaseCapture
sfml-window-s.lib(WindowImplWin32.cpp.obj) : error LNK2001: unresolved external symbol __imp_GetForegroundWindow
sfml-window-s.lib(WindowImplWin32.cpp.obj) : error LNK2001: unresolved external symbol __imp_SetForegroundWindow
sfml-window-s.lib(WindowImplWin32.cpp.obj) : error LNK2001: unresolved external symbol __imp_SetWindowTextW
sfml-window-s.lib(WindowImplWin32.cpp.obj) : error LNK2001: unresolved external symbol __imp_GetClientRect
sfml-window-s.lib(WindowImplWin32.cpp.obj) : error LNK2001: unresolved external symbol __imp_GetWindowRect
sfml-window-s.lib(WindowImplWin32.cpp.obj) : error LNK2001: unresolved external symbol __imp_AdjustWindowRect
sfml-window-s.lib(WindowImplWin32.cpp.obj) : error LNK2001: unresolved external symbol __imp_SetCursor
sfml-window-s.lib(WindowImplWin32.cpp.obj) : error LNK2001: unresolved external symbol __imp_ClipCursor
sfml-window-s.lib(WindowImplWin32.cpp.obj) : error LNK2001: unresolved external symbol __imp_MapWindowPoints
sfml-window-s.lib(WindowImplWin32.cpp.obj) : error LNK2001: unresolved external symbol __imp_GetWindowLongW
sfml-window-s.lib(WindowImplWin32.cpp.obj) : error LNK2001: unresolved external symbol __imp_SetWindowLongW
sfml-window-s.lib(WindowImplWin32.cpp.obj) : error LNK2001: unresolved external symbol __imp_GetWindowLongPtrW
sfml-window-s.lib(WindowImplWin32.cpp.obj) : error LNK2001: unresolved external symbol __imp_SetWindowLongPtrW
sfml-window-s.lib(WindowImplWin32.cpp.obj) : error LNK2001: unresolved external symbol __imp_GetWindowThreadProcessId
sfml-window-s.lib(WindowImplWin32.cpp.obj) : error LNK2001: unresolved external symbol __imp_LoadCursorW
sfml-window-s.lib(WindowImplWin32.cpp.obj) : error LNK2001: unresolved external symbol __imp_CreateIcon
sfml-window-s.lib(WindowImplWin32.cpp.obj) : error LNK2001: unresolved external symbol __imp_DestroyIcon
sfml-window-s.lib(WindowImplWin32.cpp.obj) : error LNK2001: unresolved external symbol __imp_ChangeDisplaySettingsW
sfml-window-s.lib(JoystickImpl.cpp.obj) : error LNK2001: unresolved external symbol __imp_RegCloseKey
sfml-window-s.lib(JoystickImpl.cpp.obj) : error LNK2001: unresolved external symbol __imp_RegOpenKeyExW
sfml-window-s.lib(JoystickImpl.cpp.obj) : error LNK2001: unresolved external symbol __imp_RegQueryValueExW
C:\Projects\Project1\x64\Release\Project1.exe : fatal error LNK1120: 55 unresolved externals
